<html>
<head>
<title>TestNG:  Test Cases</title>
<link href="../testng.css" rel="stylesheet" type="text/css" />
<link href="../my-testng.css" rel="stylesheet" type="text/css" />

<style type="text/css">
.log { display: none;} 
.stack-trace { display: none;} 
</style>
<script type="text/javascript">
<!--
function flip(e) {
  current = e.style.display;
  if (current == 'block') {
    e.style.display = 'none';
    return 0;
  }
  else {
    e.style.display = 'block';
    return 1;
  }
}

function toggleBox(szDivId, elem, msg1, msg2)
{
  var res = -1;  if (document.getElementById) {
    res = flip(document.getElementById(szDivId));
  }
  else if (document.all) {
    // this is the way old msie versions work
    res = flip(document.all[szDivId]);
  }
  if(elem) {
    if(res == 0) elem.innerHTML = msg1; else elem.innerHTML = msg2;
  }

}

function toggleAllBoxes() {
  if (document.getElementsByTagName) {
    d = document.getElementsByTagName('div');
    for (i = 0; i < d.length; i++) {
      if (d[i].className == 'log') {
        flip(d[i]);
      }
    }
  }
}

// -->
</script>

</head>
<body>
<h2 align='center'>Test Cases</h2><table border='1' align="center">
<tr>
<td>Tests passed/Failed/Skipped:</td><td>12/3/0</td>
</tr><tr>
<td>Started on:</td><td>Wed Feb 28 00:20:43 IST 2024</td>
</tr>
<tr><td>Total time:</td><td>391 seconds (391497 ms)</td>
</tr><tr>
<td>Included groups:</td><td></td>
</tr><tr>
<td>Excluded groups:</td><td></td>
</tr>
</table><p/>
<small><i>(Hover the method name to see the test class name)</i></small><p/>
<table width='100%' border='1' class='invocation-failed'>
<tr><td colspan='4' align='center'><b>FAILED TESTS</b></td></tr>
<tr><td><b>Test method</b></td>
<td width="30%"><b>Exception</b></td>
<td width="10%"><b>Time (seconds)</b></td>
<td><b>Instance</b></td>
</tr>
<tr>
<td title='mercuryTravels.qa.testcases.LoginPageTest.invalidPassword()'><b>invalidPassword</b><br>Test class: mercuryTravels.qa.testcases.LoginPageTest<br>Test method: Enter ValidUsername and InvalidPassword, and verify that they are appearing correctly<br/>
<a href="#Output-389779746" onClick='toggleBox("Output-389779746", this, "Show output", "Hide output");'>Show output</a>

<a href="#Output-389779746" onClick="toggleAllBoxes();">Show all outputs</a>
<div class='log' id="Output-389779746">
Test Start->Enter ValidUsername and InvalidPassword, and verify that they are appearing correctly<br/>
Enter valid username<br/>
Enter Invalid password<br/>
Click on loginButton<br/>
</div>
</td>
<td><div><pre>org.openqa.selenium.NoSuchElementException: no such element: Unable to locate element: {&quot;method&quot;:&quot;xpath&quot;,&quot;selector&quot;:&quot;//div[text()=&apos;Incorrect email address and password combination. Please try again.&apos;]&quot;}
  (Session info: chrome=121.0.6167.189)
For documentation on this error, please visit: http://seleniumhq.org/exceptions/no_such_element.html
Build info: version: &apos;3.14.0&apos;, revision: &apos;aacccce0&apos;, time: &apos;2018-08-02T20:19:58.91Z&apos;
System info: host: &apos;LAPTOP-T0GNIEM2&apos;, ip: &apos;192.168.1.8&apos;, os.name: &apos;Windows 10&apos;, os.arch: &apos;amd64&apos;, os.version: &apos;10.0&apos;, java.version: &apos;16.0.2&apos;
Driver info: org.openqa.selenium.chrome.ChromeDriver
Capabilities {acceptInsecureCerts: false, browserName: chrome, browserVersion: 121.0.6167.189, chrome: {chromedriverVersion: 121.0.6167.184 (057a8ae7deb..., userDataDir: C:\Users\mohit\AppData\Loca...}, fedcm:accounts: true, goog:chromeOptions: {debuggerAddress: localhost:59714}, javascriptEnabled: true, networkConnectionEnabled: false, pageLoadStrategy: normal, platform: WINDOWS, platformName: WINDOWS, proxy: Proxy(), setWindowRect: true, strictFileInteractability: false, timeouts: {implicit: 0, pageLoad: 300000, script: 30000}, unhandledPromptBehavior: dismiss and notify, webauthn:extension:credBlob: true, webauthn:extension:largeBlob: true, webauthn:extension:minPinLength: true, webauthn:extension:prf: true, webauthn:virtualAuthenticators: true}
Session ID: ec5d44eaf7e0cb692bfd90f6edb137c2
*** Element info: {Using=xpath, value=//div[text()=&apos;Incorrect email address and password combination. Please try again.&apos;]}
	at org.openqa.selenium.remote.http.W3CHttpResponseCodec.createException(W3CHttpResponseCodec.java:187)
	at org.openqa.selenium.remote.http.W3CHttpResponseCodec.decode(W3CHttpResponseCodec.java:122)
	at org.openqa.selenium.remote.http.W3CHttpResponseCodec.decode(W3CHttpResponseCodec.java:49)
	at org.openqa.selenium.remote.HttpCommandExecutor.execute(HttpCommandExecutor.java:158)
	at org.openqa.selenium.remote.service.DriverCommandExecutor.execute(DriverCommandExecutor.java:83)
	at org.openqa.selenium.remote.RemoteWebDriver.execute(RemoteWebDriver.java:548)
	at org.openqa.selenium.remote.RemoteWebDriver.findElement(RemoteWebDriver.java:322)
	at org.openqa.selenium.remote.RemoteWebDriver.findElementByXPath(RemoteWebDriver.java:424)
	at org.openqa.selenium.By$ByXPath.findElement(By.java:353)
	at org.openqa.selenium.remote.RemoteWebDriver.findElement(RemoteWebDriver.java:314)
	at org.openqa.selenium.support.events.EventFiringWebDriver.lambda$new$1(EventFiringWebDriver.java:105)
	at jdk.proxy2/jdk.proxy2.$Proxy10.findElement(Unknown Source)
	at org.openqa.selenium.support.events.EventFiringWebDriver.findElement(EventFiringWebDriver.java:194)
	at org.openqa.selenium.support.pagefactory.DefaultElementLocator.findElement(DefaultElementLocator.java:69)
	at org.openqa.selenium.support.pagefactory.internal.LocatingElementHandler.invoke(LocatingElementHandler.java:38)
	at jdk.proxy2/jdk.proxy2.$Proxy14.isDisplayed(Unknown Source)
	at MercuryTravels.qa.pages.LoginPage.validatePasswordErrorMessage(LoginPage.java:87)
	at mercuryTravels.qa.testcases.LoginPageTest.invalidPassword(LoginPageTest.java:81)
... Removed 34 stack frames</pre></div><a href='#' onClick='toggleBox("stack-trace389779746", this, "Click to show all stack frames", "Click to hide stack frames")'>Click to show all stack frames</a>
<div class='stack-trace' id='stack-trace389779746'><pre>org.openqa.selenium.NoSuchElementException: no such element: Unable to locate element: {&quot;method&quot;:&quot;xpath&quot;,&quot;selector&quot;:&quot;//div[text()=&apos;Incorrect email address and password combination. Please try again.&apos;]&quot;}
  (Session info: chrome=121.0.6167.189)
For documentation on this error, please visit: http://seleniumhq.org/exceptions/no_such_element.html
Build info: version: &apos;3.14.0&apos;, revision: &apos;aacccce0&apos;, time: &apos;2018-08-02T20:19:58.91Z&apos;
System info: host: &apos;LAPTOP-T0GNIEM2&apos;, ip: &apos;192.168.1.8&apos;, os.name: &apos;Windows 10&apos;, os.arch: &apos;amd64&apos;, os.version: &apos;10.0&apos;, java.version: &apos;16.0.2&apos;
Driver info: org.openqa.selenium.chrome.ChromeDriver
Capabilities {acceptInsecureCerts: false, browserName: chrome, browserVersion: 121.0.6167.189, chrome: {chromedriverVersion: 121.0.6167.184 (057a8ae7deb..., userDataDir: C:\Users\mohit\AppData\Loca...}, fedcm:accounts: true, goog:chromeOptions: {debuggerAddress: localhost:59714}, javascriptEnabled: true, networkConnectionEnabled: false, pageLoadStrategy: normal, platform: WINDOWS, platformName: WINDOWS, proxy: Proxy(), setWindowRect: true, strictFileInteractability: false, timeouts: {implicit: 0, pageLoad: 300000, script: 30000}, unhandledPromptBehavior: dismiss and notify, webauthn:extension:credBlob: true, webauthn:extension:largeBlob: true, webauthn:extension:minPinLength: true, webauthn:extension:prf: true, webauthn:virtualAuthenticators: true}
Session ID: ec5d44eaf7e0cb692bfd90f6edb137c2
*** Element info: {Using=xpath, value=//div[text()=&apos;Incorrect email address and password combination. Please try again.&apos;]}
	at java.base/jdk.internal.reflect.NativeConstructorAccessorImpl.newInstance0(Native Method)
	at java.base/jdk.internal.reflect.NativeConstructorAccessorImpl.newInstance(NativeConstructorAccessorImpl.java:78)
	at java.base/jdk.internal.reflect.DelegatingConstructorAccessorImpl.newInstance(DelegatingConstructorAccessorImpl.java:45)
	at java.base/java.lang.reflect.Constructor.newInstanceWithCaller(Constructor.java:499)
	at java.base/java.lang.reflect.Constructor.newInstance(Constructor.java:480)
	at org.openqa.selenium.remote.http.W3CHttpResponseCodec.createException(W3CHttpResponseCodec.java:187)
	at org.openqa.selenium.remote.http.W3CHttpResponseCodec.decode(W3CHttpResponseCodec.java:122)
	at org.openqa.selenium.remote.http.W3CHttpResponseCodec.decode(W3CHttpResponseCodec.java:49)
	at org.openqa.selenium.remote.HttpCommandExecutor.execute(HttpCommandExecutor.java:158)
	at org.openqa.selenium.remote.service.DriverCommandExecutor.execute(DriverCommandExecutor.java:83)
	at org.openqa.selenium.remote.RemoteWebDriver.execute(RemoteWebDriver.java:548)
	at org.openqa.selenium.remote.RemoteWebDriver.findElement(RemoteWebDriver.java:322)
	at org.openqa.selenium.remote.RemoteWebDriver.findElementByXPath(RemoteWebDriver.java:424)
	at org.openqa.selenium.By$ByXPath.findElement(By.java:353)
	at org.openqa.selenium.remote.RemoteWebDriver.findElement(RemoteWebDriver.java:314)
	at java.base/jdk.internal.reflect.NativeMethodAccessorImpl.invoke0(Native Method)
	at java.base/jdk.internal.reflect.NativeMethodAccessorImpl.invoke(NativeMethodAccessorImpl.java:78)
	at java.base/jdk.internal.reflect.DelegatingMethodAccessorImpl.invoke(DelegatingMethodAccessorImpl.java:43)
	at java.base/java.lang.reflect.Method.invoke(Method.java:567)
	at org.openqa.selenium.support.events.EventFiringWebDriver.lambda$new$1(EventFiringWebDriver.java:105)
	at jdk.proxy2/jdk.proxy2.$Proxy10.findElement(Unknown Source)
	at org.openqa.selenium.support.events.EventFiringWebDriver.findElement(EventFiringWebDriver.java:194)
	at org.openqa.selenium.support.pagefactory.DefaultElementLocator.findElement(DefaultElementLocator.java:69)
	at org.openqa.selenium.support.pagefactory.internal.LocatingElementHandler.invoke(LocatingElementHandler.java:38)
	at jdk.proxy2/jdk.proxy2.$Proxy14.isDisplayed(Unknown Source)
	at MercuryTravels.qa.pages.LoginPage.validatePasswordErrorMessage(LoginPage.java:87)
	at mercuryTravels.qa.testcases.LoginPageTest.invalidPassword(LoginPageTest.java:81)
	at java.base/jdk.internal.reflect.NativeMethodAccessorImpl.invoke0(Native Method)
	at java.base/jdk.internal.reflect.NativeMethodAccessorImpl.invoke(NativeMethodAccessorImpl.java:78)
	at java.base/jdk.internal.reflect.DelegatingMethodAccessorImpl.invoke(DelegatingMethodAccessorImpl.java:43)
	at java.base/java.lang.reflect.Method.invoke(Method.java:567)
	at org.testng.internal.MethodInvocationHelper.invokeMethod(MethodInvocationHelper.java:108)
	at org.testng.internal.Invoker.invokeMethod(Invoker.java:661)
	at org.testng.internal.Invoker.invokeTestMethod(Invoker.java:869)
	at org.testng.internal.Invoker.invokeTestMethods(Invoker.java:1193)
	at org.testng.internal.TestMethodWorker.invokeTestMethods(TestMethodWorker.java:126)
	at org.testng.internal.TestMethodWorker.run(TestMethodWorker.java:109)
	at org.testng.TestRunner.privateRun(TestRunner.java:744)
	at org.testng.TestRunner.run(TestRunner.java:602)
	at org.testng.SuiteRunner.runTest(SuiteRunner.java:380)
	at org.testng.SuiteRunner.runSequentially(SuiteRunner.java:375)
	at org.testng.SuiteRunner.privateRun(SuiteRunner.java:340)
	at org.testng.SuiteRunner.run(SuiteRunner.java:289)
	at org.testng.SuiteRunnerWorker.runSuite(SuiteRunnerWorker.java:52)
	at org.testng.SuiteRunnerWorker.run(SuiteRunnerWorker.java:86)
	at org.testng.TestNG.runSuitesSequentially(TestNG.java:1301)
	at org.testng.TestNG.runSuitesLocally(TestNG.java:1226)
	at org.testng.TestNG.runSuites(TestNG.java:1144)
	at org.testng.TestNG.run(TestNG.java:1115)
	at org.testng.remote.AbstractRemoteTestNG.run(AbstractRemoteTestNG.java:115)
	at org.testng.remote.RemoteTestNG.initAndRun(RemoteTestNG.java:251)
	at org.testng.remote.RemoteTestNG.main(RemoteTestNG.java:77)
</pre></div></td>
<td>32</td>
<td>mercuryTravels.qa.testcases.LoginPageTest@6b8ca3c8</td></tr>
<tr>
<td title='mercuryTravels.qa.testcases.LoginPageTest.invalidUsername()'><b>invalidUsername</b><br>Test class: mercuryTravels.qa.testcases.LoginPageTest<br>Test method: Enter InvalidUsername and validPassword, and verify that they are appearing correctly<br/>
<a href="#Output-739210872" onClick='toggleBox("Output-739210872", this, "Show output", "Hide output");'>Show output</a>

<a href="#Output-739210872" onClick="toggleAllBoxes();">Show all outputs</a>
<div class='log' id="Output-739210872">
Test Start->Enter InvalidUsername and validPassword, and verify that they are appearing correctly<br/>
Enter Invalid username<br/>
Enter valid password<br/>
Click on loginButton<br/>
Successfully Validate the  email error message<br/>
</div>
</td>
<td><div><pre>org.openqa.selenium.NoSuchElementException: no such element: Unable to locate element: {&quot;method&quot;:&quot;xpath&quot;,&quot;selector&quot;:&quot;//li[text() = &apos;This value should be a valid email.&apos;]&quot;}
  (Session info: chrome=121.0.6167.189)
For documentation on this error, please visit: http://seleniumhq.org/exceptions/no_such_element.html
Build info: version: &apos;3.14.0&apos;, revision: &apos;aacccce0&apos;, time: &apos;2018-08-02T20:19:58.91Z&apos;
System info: host: &apos;LAPTOP-T0GNIEM2&apos;, ip: &apos;192.168.1.8&apos;, os.name: &apos;Windows 10&apos;, os.arch: &apos;amd64&apos;, os.version: &apos;10.0&apos;, java.version: &apos;16.0.2&apos;
Driver info: org.openqa.selenium.chrome.ChromeDriver
Capabilities {acceptInsecureCerts: false, browserName: chrome, browserVersion: 121.0.6167.189, chrome: {chromedriverVersion: 121.0.6167.184 (057a8ae7deb..., userDataDir: C:\Users\mohit\AppData\Loca...}, fedcm:accounts: true, goog:chromeOptions: {debuggerAddress: localhost:59791}, javascriptEnabled: true, networkConnectionEnabled: false, pageLoadStrategy: normal, platform: WINDOWS, platformName: WINDOWS, proxy: Proxy(), setWindowRect: true, strictFileInteractability: false, timeouts: {implicit: 0, pageLoad: 300000, script: 30000}, unhandledPromptBehavior: dismiss and notify, webauthn:extension:credBlob: true, webauthn:extension:largeBlob: true, webauthn:extension:minPinLength: true, webauthn:extension:prf: true, webauthn:virtualAuthenticators: true}
Session ID: 6f2740a95b26e734b7c06fa34c6639b7
*** Element info: {Using=xpath, value=//li[text() = &apos;This value should be a valid email.&apos;]}
	at org.openqa.selenium.remote.http.W3CHttpResponseCodec.createException(W3CHttpResponseCodec.java:187)
	at org.openqa.selenium.remote.http.W3CHttpResponseCodec.decode(W3CHttpResponseCodec.java:122)
	at org.openqa.selenium.remote.http.W3CHttpResponseCodec.decode(W3CHttpResponseCodec.java:49)
	at org.openqa.selenium.remote.HttpCommandExecutor.execute(HttpCommandExecutor.java:158)
	at org.openqa.selenium.remote.service.DriverCommandExecutor.execute(DriverCommandExecutor.java:83)
	at org.openqa.selenium.remote.RemoteWebDriver.execute(RemoteWebDriver.java:548)
	at org.openqa.selenium.remote.RemoteWebDriver.findElement(RemoteWebDriver.java:322)
	at org.openqa.selenium.remote.RemoteWebDriver.findElementByXPath(RemoteWebDriver.java:424)
	at org.openqa.selenium.By$ByXPath.findElement(By.java:353)
	at org.openqa.selenium.remote.RemoteWebDriver.findElement(RemoteWebDriver.java:314)
	at org.openqa.selenium.support.events.EventFiringWebDriver.lambda$new$1(EventFiringWebDriver.java:105)
	at jdk.proxy2/jdk.proxy2.$Proxy10.findElement(Unknown Source)
	at org.openqa.selenium.support.events.EventFiringWebDriver.findElement(EventFiringWebDriver.java:194)
	at org.openqa.selenium.support.pagefactory.DefaultElementLocator.findElement(DefaultElementLocator.java:69)
	at org.openqa.selenium.support.pagefactory.internal.LocatingElementHandler.invoke(LocatingElementHandler.java:38)
	at jdk.proxy2/jdk.proxy2.$Proxy14.getText(Unknown Source)
	at MercuryTravels.qa.pages.LoginPage.validateEmailErrorMessage(LoginPage.java:80)
	at mercuryTravels.qa.testcases.LoginPageTest.invalidUsername(LoginPageTest.java:69)
... Removed 34 stack frames</pre></div><a href='#' onClick='toggleBox("stack-trace739210872", this, "Click to show all stack frames", "Click to hide stack frames")'>Click to show all stack frames</a>
<div class='stack-trace' id='stack-trace739210872'><pre>org.openqa.selenium.NoSuchElementException: no such element: Unable to locate element: {&quot;method&quot;:&quot;xpath&quot;,&quot;selector&quot;:&quot;//li[text() = &apos;This value should be a valid email.&apos;]&quot;}
  (Session info: chrome=121.0.6167.189)
For documentation on this error, please visit: http://seleniumhq.org/exceptions/no_such_element.html
Build info: version: &apos;3.14.0&apos;, revision: &apos;aacccce0&apos;, time: &apos;2018-08-02T20:19:58.91Z&apos;
System info: host: &apos;LAPTOP-T0GNIEM2&apos;, ip: &apos;192.168.1.8&apos;, os.name: &apos;Windows 10&apos;, os.arch: &apos;amd64&apos;, os.version: &apos;10.0&apos;, java.version: &apos;16.0.2&apos;
Driver info: org.openqa.selenium.chrome.ChromeDriver
Capabilities {acceptInsecureCerts: false, browserName: chrome, browserVersion: 121.0.6167.189, chrome: {chromedriverVersion: 121.0.6167.184 (057a8ae7deb..., userDataDir: C:\Users\mohit\AppData\Loca...}, fedcm:accounts: true, goog:chromeOptions: {debuggerAddress: localhost:59791}, javascriptEnabled: true, networkConnectionEnabled: false, pageLoadStrategy: normal, platform: WINDOWS, platformName: WINDOWS, proxy: Proxy(), setWindowRect: true, strictFileInteractability: false, timeouts: {implicit: 0, pageLoad: 300000, script: 30000}, unhandledPromptBehavior: dismiss and notify, webauthn:extension:credBlob: true, webauthn:extension:largeBlob: true, webauthn:extension:minPinLength: true, webauthn:extension:prf: true, webauthn:virtualAuthenticators: true}
Session ID: 6f2740a95b26e734b7c06fa34c6639b7
*** Element info: {Using=xpath, value=//li[text() = &apos;This value should be a valid email.&apos;]}
	at java.base/jdk.internal.reflect.NativeConstructorAccessorImpl.newInstance0(Native Method)
	at java.base/jdk.internal.reflect.NativeConstructorAccessorImpl.newInstance(NativeConstructorAccessorImpl.java:78)
	at java.base/jdk.internal.reflect.DelegatingConstructorAccessorImpl.newInstance(DelegatingConstructorAccessorImpl.java:45)
	at java.base/java.lang.reflect.Constructor.newInstanceWithCaller(Constructor.java:499)
	at java.base/java.lang.reflect.Constructor.newInstance(Constructor.java:480)
	at org.openqa.selenium.remote.http.W3CHttpResponseCodec.createException(W3CHttpResponseCodec.java:187)
	at org.openqa.selenium.remote.http.W3CHttpResponseCodec.decode(W3CHttpResponseCodec.java:122)
	at org.openqa.selenium.remote.http.W3CHttpResponseCodec.decode(W3CHttpResponseCodec.java:49)
	at org.openqa.selenium.remote.HttpCommandExecutor.execute(HttpCommandExecutor.java:158)
	at org.openqa.selenium.remote.service.DriverCommandExecutor.execute(DriverCommandExecutor.java:83)
	at org.openqa.selenium.remote.RemoteWebDriver.execute(RemoteWebDriver.java:548)
	at org.openqa.selenium.remote.RemoteWebDriver.findElement(RemoteWebDriver.java:322)
	at org.openqa.selenium.remote.RemoteWebDriver.findElementByXPath(RemoteWebDriver.java:424)
	at org.openqa.selenium.By$ByXPath.findElement(By.java:353)
	at org.openqa.selenium.remote.RemoteWebDriver.findElement(RemoteWebDriver.java:314)
	at java.base/jdk.internal.reflect.NativeMethodAccessorImpl.invoke0(Native Method)
	at java.base/jdk.internal.reflect.NativeMethodAccessorImpl.invoke(NativeMethodAccessorImpl.java:78)
	at java.base/jdk.internal.reflect.DelegatingMethodAccessorImpl.invoke(DelegatingMethodAccessorImpl.java:43)
	at java.base/java.lang.reflect.Method.invoke(Method.java:567)
	at org.openqa.selenium.support.events.EventFiringWebDriver.lambda$new$1(EventFiringWebDriver.java:105)
	at jdk.proxy2/jdk.proxy2.$Proxy10.findElement(Unknown Source)
	at org.openqa.selenium.support.events.EventFiringWebDriver.findElement(EventFiringWebDriver.java:194)
	at org.openqa.selenium.support.pagefactory.DefaultElementLocator.findElement(DefaultElementLocator.java:69)
	at org.openqa.selenium.support.pagefactory.internal.LocatingElementHandler.invoke(LocatingElementHandler.java:38)
	at jdk.proxy2/jdk.proxy2.$Proxy14.getText(Unknown Source)
	at MercuryTravels.qa.pages.LoginPage.validateEmailErrorMessage(LoginPage.java:80)
	at mercuryTravels.qa.testcases.LoginPageTest.invalidUsername(LoginPageTest.java:69)
	at java.base/jdk.internal.reflect.NativeMethodAccessorImpl.invoke0(Native Method)
	at java.base/jdk.internal.reflect.NativeMethodAccessorImpl.invoke(NativeMethodAccessorImpl.java:78)
	at java.base/jdk.internal.reflect.DelegatingMethodAccessorImpl.invoke(DelegatingMethodAccessorImpl.java:43)
	at java.base/java.lang.reflect.Method.invoke(Method.java:567)
	at org.testng.internal.MethodInvocationHelper.invokeMethod(MethodInvocationHelper.java:108)
	at org.testng.internal.Invoker.invokeMethod(Invoker.java:661)
	at org.testng.internal.Invoker.invokeTestMethod(Invoker.java:869)
	at org.testng.internal.Invoker.invokeTestMethods(Invoker.java:1193)
	at org.testng.internal.TestMethodWorker.invokeTestMethods(TestMethodWorker.java:126)
	at org.testng.internal.TestMethodWorker.run(TestMethodWorker.java:109)
	at org.testng.TestRunner.privateRun(TestRunner.java:744)
	at org.testng.TestRunner.run(TestRunner.java:602)
	at org.testng.SuiteRunner.runTest(SuiteRunner.java:380)
	at org.testng.SuiteRunner.runSequentially(SuiteRunner.java:375)
	at org.testng.SuiteRunner.privateRun(SuiteRunner.java:340)
	at org.testng.SuiteRunner.run(SuiteRunner.java:289)
	at org.testng.SuiteRunnerWorker.runSuite(SuiteRunnerWorker.java:52)
	at org.testng.SuiteRunnerWorker.run(SuiteRunnerWorker.java:86)
	at org.testng.TestNG.runSuitesSequentially(TestNG.java:1301)
	at org.testng.TestNG.runSuitesLocally(TestNG.java:1226)
	at org.testng.TestNG.runSuites(TestNG.java:1144)
	at org.testng.TestNG.run(TestNG.java:1115)
	at org.testng.remote.AbstractRemoteTestNG.run(AbstractRemoteTestNG.java:115)
	at org.testng.remote.RemoteTestNG.initAndRun(RemoteTestNG.java:251)
	at org.testng.remote.RemoteTestNG.main(RemoteTestNG.java:77)
</pre></div></td>
<td>31</td>
<td>mercuryTravels.qa.testcases.LoginPageTest@6b8ca3c8</td></tr>
<tr>
<td title='mercuryTravels.qa.testcases.LoginPageTest.validUsernameAndValidPassword()'><b>validUsernameAndValidPassword</b><br>Test class: mercuryTravels.qa.testcases.LoginPageTest<br>Test method: Enter ValidUsername and password, and verify that they are appearing correctly<br/>
<a href="#Output-1550080835" onClick='toggleBox("Output-1550080835", this, "Show output", "Hide output");'>Show output</a>

<a href="#Output-1550080835" onClick="toggleAllBoxes();">Show all outputs</a>
<div class='log' id="Output-1550080835">
Test Start->Enter ValidUsername and ValidPassword, and verify that they are appearing correctly<br/>
Enter valid username<br/>
Enter valid password<br/>
Using valid username and valid password, Validate Successfully<br/>
Click on loginButton<br/>
</div>
</td>
<td><div><pre>org.openqa.selenium.NoSuchElementException: no such element: Unable to locate element: {&quot;method&quot;:&quot;xpath&quot;,&quot;selector&quot;:&quot;(//a[text() = &apos;Welcome, Mohit &apos;])[2]&quot;}
  (Session info: chrome=121.0.6167.189)
For documentation on this error, please visit: http://seleniumhq.org/exceptions/no_such_element.html
Build info: version: &apos;3.14.0&apos;, revision: &apos;aacccce0&apos;, time: &apos;2018-08-02T20:19:58.91Z&apos;
System info: host: &apos;LAPTOP-T0GNIEM2&apos;, ip: &apos;192.168.1.8&apos;, os.name: &apos;Windows 10&apos;, os.arch: &apos;amd64&apos;, os.version: &apos;10.0&apos;, java.version: &apos;16.0.2&apos;
Driver info: org.openqa.selenium.chrome.ChromeDriver
Capabilities {acceptInsecureCerts: false, browserName: chrome, browserVersion: 121.0.6167.189, chrome: {chromedriverVersion: 121.0.6167.184 (057a8ae7deb..., userDataDir: C:\Users\mohit\AppData\Loca...}, fedcm:accounts: true, goog:chromeOptions: {debuggerAddress: localhost:59961}, javascriptEnabled: true, networkConnectionEnabled: false, pageLoadStrategy: normal, platform: WINDOWS, platformName: WINDOWS, proxy: Proxy(), setWindowRect: true, strictFileInteractability: false, timeouts: {implicit: 0, pageLoad: 300000, script: 30000}, unhandledPromptBehavior: dismiss and notify, webauthn:extension:credBlob: true, webauthn:extension:largeBlob: true, webauthn:extension:minPinLength: true, webauthn:extension:prf: true, webauthn:virtualAuthenticators: true}
Session ID: 508fd01f70c16cb3961174950fe23e03
*** Element info: {Using=xpath, value=(//a[text() = &apos;Welcome, Mohit &apos;])[2]}
	at org.openqa.selenium.remote.http.W3CHttpResponseCodec.createException(W3CHttpResponseCodec.java:187)
	at org.openqa.selenium.remote.http.W3CHttpResponseCodec.decode(W3CHttpResponseCodec.java:122)
	at org.openqa.selenium.remote.http.W3CHttpResponseCodec.decode(W3CHttpResponseCodec.java:49)
	at org.openqa.selenium.remote.HttpCommandExecutor.execute(HttpCommandExecutor.java:158)
	at org.openqa.selenium.remote.service.DriverCommandExecutor.execute(DriverCommandExecutor.java:83)
	at org.openqa.selenium.remote.RemoteWebDriver.execute(RemoteWebDriver.java:548)
	at org.openqa.selenium.remote.RemoteWebDriver.findElement(RemoteWebDriver.java:322)
	at org.openqa.selenium.remote.RemoteWebDriver.findElementByXPath(RemoteWebDriver.java:424)
	at org.openqa.selenium.By$ByXPath.findElement(By.java:353)
	at org.openqa.selenium.remote.RemoteWebDriver.findElement(RemoteWebDriver.java:314)
	at org.openqa.selenium.support.events.EventFiringWebDriver.lambda$new$1(EventFiringWebDriver.java:105)
	at jdk.proxy2/jdk.proxy2.$Proxy10.findElement(Unknown Source)
	at org.openqa.selenium.support.events.EventFiringWebDriver.findElement(EventFiringWebDriver.java:194)
	at org.openqa.selenium.support.pagefactory.DefaultElementLocator.findElement(DefaultElementLocator.java:69)
	at org.openqa.selenium.support.pagefactory.internal.LocatingElementHandler.invoke(LocatingElementHandler.java:38)
	at jdk.proxy2/jdk.proxy2.$Proxy14.getText(Unknown Source)
	at MercuryTravels.qa.pages.LoginPage.validateLoginDetails(LoginPage.java:70)
	at mercuryTravels.qa.testcases.LoginPageTest.validUsernameAndValidPassword(LoginPageTest.java:56)
... Removed 33 stack frames</pre></div><a href='#' onClick='toggleBox("stack-trace1550080835", this, "Click to show all stack frames", "Click to hide stack frames")'>Click to show all stack frames</a>
<div class='stack-trace' id='stack-trace1550080835'><pre>org.openqa.selenium.NoSuchElementException: no such element: Unable to locate element: {&quot;method&quot;:&quot;xpath&quot;,&quot;selector&quot;:&quot;(//a[text() = &apos;Welcome, Mohit &apos;])[2]&quot;}
  (Session info: chrome=121.0.6167.189)
For documentation on this error, please visit: http://seleniumhq.org/exceptions/no_such_element.html
Build info: version: &apos;3.14.0&apos;, revision: &apos;aacccce0&apos;, time: &apos;2018-08-02T20:19:58.91Z&apos;
System info: host: &apos;LAPTOP-T0GNIEM2&apos;, ip: &apos;192.168.1.8&apos;, os.name: &apos;Windows 10&apos;, os.arch: &apos;amd64&apos;, os.version: &apos;10.0&apos;, java.version: &apos;16.0.2&apos;
Driver info: org.openqa.selenium.chrome.ChromeDriver
Capabilities {acceptInsecureCerts: false, browserName: chrome, browserVersion: 121.0.6167.189, chrome: {chromedriverVersion: 121.0.6167.184 (057a8ae7deb..., userDataDir: C:\Users\mohit\AppData\Loca...}, fedcm:accounts: true, goog:chromeOptions: {debuggerAddress: localhost:59961}, javascriptEnabled: true, networkConnectionEnabled: false, pageLoadStrategy: normal, platform: WINDOWS, platformName: WINDOWS, proxy: Proxy(), setWindowRect: true, strictFileInteractability: false, timeouts: {implicit: 0, pageLoad: 300000, script: 30000}, unhandledPromptBehavior: dismiss and notify, webauthn:extension:credBlob: true, webauthn:extension:largeBlob: true, webauthn:extension:minPinLength: true, webauthn:extension:prf: true, webauthn:virtualAuthenticators: true}
Session ID: 508fd01f70c16cb3961174950fe23e03
*** Element info: {Using=xpath, value=(//a[text() = &apos;Welcome, Mohit &apos;])[2]}
	at java.base/jdk.internal.reflect.NativeConstructorAccessorImpl.newInstance0(Native Method)
	at java.base/jdk.internal.reflect.NativeConstructorAccessorImpl.newInstance(NativeConstructorAccessorImpl.java:78)
	at java.base/jdk.internal.reflect.DelegatingConstructorAccessorImpl.newInstance(DelegatingConstructorAccessorImpl.java:45)
	at java.base/java.lang.reflect.Constructor.newInstanceWithCaller(Constructor.java:499)
	at java.base/java.lang.reflect.Constructor.newInstance(Constructor.java:480)
	at org.openqa.selenium.remote.http.W3CHttpResponseCodec.createException(W3CHttpResponseCodec.java:187)
	at org.openqa.selenium.remote.http.W3CHttpResponseCodec.decode(W3CHttpResponseCodec.java:122)
	at org.openqa.selenium.remote.http.W3CHttpResponseCodec.decode(W3CHttpResponseCodec.java:49)
	at org.openqa.selenium.remote.HttpCommandExecutor.execute(HttpCommandExecutor.java:158)
	at org.openqa.selenium.remote.service.DriverCommandExecutor.execute(DriverCommandExecutor.java:83)
	at org.openqa.selenium.remote.RemoteWebDriver.execute(RemoteWebDriver.java:548)
	at org.openqa.selenium.remote.RemoteWebDriver.findElement(RemoteWebDriver.java:322)
	at org.openqa.selenium.remote.RemoteWebDriver.findElementByXPath(RemoteWebDriver.java:424)
	at org.openqa.selenium.By$ByXPath.findElement(By.java:353)
	at org.openqa.selenium.remote.RemoteWebDriver.findElement(RemoteWebDriver.java:314)
	at jdk.internal.reflect.GeneratedMethodAccessor3.invoke(Unknown Source)
	at java.base/jdk.internal.reflect.DelegatingMethodAccessorImpl.invoke(DelegatingMethodAccessorImpl.java:43)
	at java.base/java.lang.reflect.Method.invoke(Method.java:567)
	at org.openqa.selenium.support.events.EventFiringWebDriver.lambda$new$1(EventFiringWebDriver.java:105)
	at jdk.proxy2/jdk.proxy2.$Proxy10.findElement(Unknown Source)
	at org.openqa.selenium.support.events.EventFiringWebDriver.findElement(EventFiringWebDriver.java:194)
	at org.openqa.selenium.support.pagefactory.DefaultElementLocator.findElement(DefaultElementLocator.java:69)
	at org.openqa.selenium.support.pagefactory.internal.LocatingElementHandler.invoke(LocatingElementHandler.java:38)
	at jdk.proxy2/jdk.proxy2.$Proxy14.getText(Unknown Source)
	at MercuryTravels.qa.pages.LoginPage.validateLoginDetails(LoginPage.java:70)
	at mercuryTravels.qa.testcases.LoginPageTest.validUsernameAndValidPassword(LoginPageTest.java:56)
	at java.base/jdk.internal.reflect.NativeMethodAccessorImpl.invoke0(Native Method)
	at java.base/jdk.internal.reflect.NativeMethodAccessorImpl.invoke(NativeMethodAccessorImpl.java:78)
	at java.base/jdk.internal.reflect.DelegatingMethodAccessorImpl.invoke(DelegatingMethodAccessorImpl.java:43)
	at java.base/java.lang.reflect.Method.invoke(Method.java:567)
	at org.testng.internal.MethodInvocationHelper.invokeMethod(MethodInvocationHelper.java:108)
	at org.testng.internal.Invoker.invokeMethod(Invoker.java:661)
	at org.testng.internal.Invoker.invokeTestMethod(Invoker.java:869)
	at org.testng.internal.Invoker.invokeTestMethods(Invoker.java:1193)
	at org.testng.internal.TestMethodWorker.invokeTestMethods(TestMethodWorker.java:126)
	at org.testng.internal.TestMethodWorker.run(TestMethodWorker.java:109)
	at org.testng.TestRunner.privateRun(TestRunner.java:744)
	at org.testng.TestRunner.run(TestRunner.java:602)
	at org.testng.SuiteRunner.runTest(SuiteRunner.java:380)
	at org.testng.SuiteRunner.runSequentially(SuiteRunner.java:375)
	at org.testng.SuiteRunner.privateRun(SuiteRunner.java:340)
	at org.testng.SuiteRunner.run(SuiteRunner.java:289)
	at org.testng.SuiteRunnerWorker.runSuite(SuiteRunnerWorker.java:52)
	at org.testng.SuiteRunnerWorker.run(SuiteRunnerWorker.java:86)
	at org.testng.TestNG.runSuitesSequentially(TestNG.java:1301)
	at org.testng.TestNG.runSuitesLocally(TestNG.java:1226)
	at org.testng.TestNG.runSuites(TestNG.java:1144)
	at org.testng.TestNG.run(TestNG.java:1115)
	at org.testng.remote.AbstractRemoteTestNG.run(AbstractRemoteTestNG.java:115)
	at org.testng.remote.RemoteTestNG.initAndRun(RemoteTestNG.java:251)
	at org.testng.remote.RemoteTestNG.main(RemoteTestNG.java:77)
</pre></div></td>
<td>37</td>
<td>mercuryTravels.qa.testcases.LoginPageTest@6b8ca3c8</td></tr>
</table><p>
<table width='100%' border='1' class='invocation-passed'>
<tr><td colspan='4' align='center'><b>PASSED TESTS</b></td></tr>
<tr><td><b>Test method</b></td>
<td width="30%"><b>Exception</b></td>
<td width="10%"><b>Time (seconds)</b></td>
<td><b>Instance</b></td>
</tr>
<tr>
<td title='mercuryTravels.qa.testcases.SeatBookingPageTest.clickOnFlights()'><b>clickOnFlights</b><br>Test class: mercuryTravels.qa.testcases.SeatBookingPageTest<br>Test method: Flights Booking<br/>
<a href="#Output-1319778140" onClick='toggleBox("Output-1319778140", this, "Show output", "Hide output");'>Show output</a>

<a href="#Output-1319778140" onClick="toggleAllBoxes();">Show all outputs</a>
<div class='log' id="Output-1319778140">
Test Start-> Booking a flight<br/>
Flight page is displayed successfully<br/>
Close home page Notification<br/>
Select date, The date format in dd/mm/yyyy<br/>
Click on Search flights<br/>
Flight Page is displayed<br/>
The Boarding city is Delhi<br/>
The Destination city is GOA<br/>
User click on book button<br/>
User Validate the Flight name<br/>
User validate the flight timing<br/>
Select Tittle and name<br/>
The passenger selects his seat number<br/>
First Seat no is 5B<br/>
The passenger enter his Mobile Number<br/>
The passenger enter his EmailId<br/>
Click on proceedToBooking<br/>
User clicks on payment option<br/>
User validate the price Details<br/>
Test Complete-> The flight booking has been completed<br/>
</div>
</td>
<td></td>
<td>43</td>
<td>mercuryTravels.qa.testcases.SeatBookingPageTest@3a6bb9bf</td></tr>
<tr>
<td title='mercuryTravels.qa.testcases.SearchAllDetailsPageTest.flightSearch()'><b>flightSearch</b><br>Test class: mercuryTravels.qa.testcases.SearchAllDetailsPageTest<br>Test method: Enter the names, and verify that they are appearing correctly and Validate Return and departure date format<br/>
<a href="#Output-895705623" onClick='toggleBox("Output-895705623", this, "Show output", "Hide output");'>Show output</a>

<a href="#Output-895705623" onClick="toggleAllBoxes();">Show all outputs</a>
<div class='log' id="Output-895705623">
Test Start->Enter all details, and verify that they are appearing correctly and Validate Return and departure date format<br/>
The Boarding city is Delhi<br/>
The Destination city is GOA<br/>
Select date, The date format in dd/mm/yyyy<br/>
Departure date format is Valid<br/>
Return date format is Valid<br/>
Click On Search Button<br/>
Click on flight details<br/>
Flight details validation Successfully<br/>
Flight code validation Successfully<br/>
Start and End time validation Successfully<br/>
Test Completed successfully validate  city name, date, flight name, start time and end time <br/>
</div>
</td>
<td></td>
<td>24</td>
<td>mercuryTravels.qa.testcases.SearchAllDetailsPageTest@68c72235</td></tr>
<tr>
<td title='mercuryTravels.qa.testcases.LoginPageTest.loginPageTest()'><b>loginPageTest</b><br>Test class: mercuryTravels.qa.testcases.LoginPageTest<br>Test method: Home page login<br/>
<a href="#Output-1974606907" onClick='toggleBox("Output-1974606907", this, "Show output", "Hide output");'>Show output</a>

<a href="#Output-1974606907" onClick="toggleAllBoxes();">Show all outputs</a>
<div class='log' id="Output-1974606907">
Test Start->Launch Home page<br/>
The Home page was Launch Successfully<br/>
</div>
</td>
<td></td>
<td>0</td>
<td>mercuryTravels.qa.testcases.LoginPageTest@6b8ca3c8</td></tr>
<tr>
<td title='mercuryTravels.qa.testcases.LoginPageTest.loginPageTitleTest()'><b>loginPageTitleTest</b><br>Test class: mercuryTravels.qa.testcases.LoginPageTest<br>Test method: Verify login page tittle<br/>
<a href="#Output-1041451158" onClick='toggleBox("Output-1041451158", this, "Show output", "Hide output");'>Show output</a>

<a href="#Output-1041451158" onClick="toggleAllBoxes();">Show all outputs</a>
<div class='log' id="Output-1041451158">
Test Start-> Validate Login page tittle<br/>
Browser lunch successfully<br/>
Validate the tittle of the login page<br/>
Test Complete-> The login page tittle has been successfully validate<br/>
</div>
</td>
<td></td>
<td>2</td>
<td>mercuryTravels.qa.testcases.LoginPageTest@6b8ca3c8</td></tr>
<tr>
<td title='mercuryTravels.qa.testcases.LoginPageTest.loginWithoutAnyDetails()'><b>loginWithoutAnyDetails</b><br>Test class: mercuryTravels.qa.testcases.LoginPageTest<br>Test method: Check whether the page is possible to login without providing the user with any details<br/>
<a href="#Output-749098095" onClick='toggleBox("Output-749098095", this, "Show output", "Hide output");'>Show output</a>

<a href="#Output-749098095" onClick="toggleAllBoxes();">Show all outputs</a>
<div class='log' id="Output-749098095">
Test Start->Check whether the page is possible to login without providing the user with any details<br/>
Do not Enter any Username<br/>
Do not Enter any Password<br/>
Click on loginButton<br/>
Error messsage displyed as This value is required<br/>
Test Completed with EmptyUsername and EmptyPassword<br/>
</div>
</td>
<td></td>
<td>1</td>
<td>mercuryTravels.qa.testcases.LoginPageTest@6b8ca3c8</td></tr>
<tr>
<td title='mercuryTravels.qa.testcases.SearchAllDetailsPageTest.selectDifferentTypeOfSeat()'><b>selectDifferentTypeOfSeat</b><br>Test class: mercuryTravels.qa.testcases.SearchAllDetailsPageTest<br>Test method: Select one more seat<br/>
<a href="#Output-1873189623" onClick='toggleBox("Output-1873189623", this, "Show output", "Hide output");'>Show output</a>

<a href="#Output-1873189623" onClick="toggleAllBoxes();">Show all outputs</a>
<div class='log' id="Output-1873189623">
Test Start->Select one more seat<br/>
The Boarding city is Delhi<br/>
The Destination city is GOA<br/>
Select date, The date format in dd/mm/yyyy<br/>
Select child seat<br/>
Click On Search Button<br/>
Successfully verified seat details<br/>
Test complete Successfully to Select one or more seats and validate<br/>
</div>
</td>
<td></td>
<td>8</td>
<td>mercuryTravels.qa.testcases.SearchAllDetailsPageTest@68c72235</td></tr>
<tr>
<td title='mercuryTravels.qa.testcases.SearchAllDetailsPageTest.validateBookingButton()'><b>validateBookingButton</b><br>Test class: mercuryTravels.qa.testcases.SearchAllDetailsPageTest<br>Test method: Check Booking Now Option is Enabled or Disabled<br/>
<a href="#Output-1863557065" onClick='toggleBox("Output-1863557065", this, "Show output", "Hide output");'>Show output</a>

<a href="#Output-1863557065" onClick="toggleAllBoxes();">Show all outputs</a>
<div class='log' id="Output-1863557065">
Test Start->Check Booking Now Option is Enabled or Disabled<br/>
The Boarding city is Delhi<br/>
The Destination city is GOA<br/>
Select date, The date format in dd/mm/yyyy<br/>
Click On Search Button<br/>
Confirm that the booking button is successfully enabled<br/>
Test Complete Successfully to check  if the Booking button is  enabled or disabled<br/>
</div>
</td>
<td></td>
<td>14</td>
<td>mercuryTravels.qa.testcases.SearchAllDetailsPageTest@68c72235</td></tr>
<tr>
<td title='mercuryTravels.qa.testcases.SearchAllDetailsPageTest.validateCityName()'><b>validateCityName</b><br>Test class: mercuryTravels.qa.testcases.SearchAllDetailsPageTest<br>Test method: Enter the city, and verify that they are appearing correctly and Check application wheteher is shwoing the availablity of the flight with date and timings of the departure<br/>
<a href="#Output-1484397819" onClick='toggleBox("Output-1484397819", this, "Show output", "Hide output");'>Show output</a>

<a href="#Output-1484397819" onClick="toggleAllBoxes();">Show all outputs</a>
<div class='log' id="Output-1484397819">
Test Start->Enter the city, and verify that they are appearing correctly<br/>
The Boarding city is Delhi<br/>
The Destination city is GOA<br/>
Select date, The date format in dd/mm/yyyy<br/>
Click On Search Button<br/>
Successfully verified Flight availability<br/>
Test Complete successfully Selecting city by city code<br/>
</div>
</td>
<td></td>
<td>9</td>
<td>mercuryTravels.qa.testcases.SearchAllDetailsPageTest@68c72235</td></tr>
<tr>
<td title='mercuryTravels.qa.testcases.FlightsAllFieldValidationPageTest.validateDifferentTypeOfSeat()'><b>validateDifferentTypeOfSeat</b><br>Test class: mercuryTravels.qa.testcases.FlightsAllFieldValidationPageTest<br>Test method: Validate seat price details<br/>
<a href="#Output-1730813026" onClick='toggleBox("Output-1730813026", this, "Show output", "Hide output");'>Show output</a>

<a href="#Output-1730813026" onClick="toggleAllBoxes();">Show all outputs</a>
<div class='log' id="Output-1730813026">
Test Start->Validate seat price details<br/>
The Boarding city is Delhi<br/>
The Destination city is GOA<br/>
Select date, The date format in dd/mm/yyyy<br/>
The date format is dd/mm/yyyy successfully validate<br/>
Click On Search Button<br/>
Validate actual price details<br/>
Test complete->Validate the price details successfully<br/>
</div>
</td>
<td></td>
<td>16</td>
<td>mercuryTravels.qa.testcases.FlightsAllFieldValidationPageTest@10959ece</td></tr>
<tr>
<td title='mercuryTravels.qa.testcases.FlightsAllFieldValidationPageTest.validateFlightField()'><b>validateFlightField</b><br>Test class: mercuryTravels.qa.testcases.FlightsAllFieldValidationPageTest<br>Test method: Validate Boarding Place and Destination PLace<br/>
<a href="#Output-1841421417" onClick='toggleBox("Output-1841421417", this, "Show output", "Hide output");'>Show output</a>

<a href="#Output-1841421417" onClick="toggleAllBoxes();">Show all outputs</a>
<div class='log' id="Output-1841421417">
Test Start->Select Boarding place and Destination place<br/>
Select Boarding place<br/>
The Boarding place has been selected<br/>
Boarding place is validate successfully<br/>
Select destination place<br/>
The Destination place has been selected<br/>
Destination place is validate successfully<br/>
Test complete-> Successfully validate the Boarding place details and Destination place details<br/>
</div>
</td>
<td></td>
<td>1</td>
<td>mercuryTravels.qa.testcases.FlightsAllFieldValidationPageTest@10959ece</td></tr>
<tr>
<td title='mercuryTravels.qa.testcases.SearchAllDetailsPageTest.validateFlightName()'><b>validateFlightName</b><br>Test class: mercuryTravels.qa.testcases.SearchAllDetailsPageTest<br>Test method: Clicks on New Flight name, and Validate the new Flight Details<br/>
<a href="#Output-220689785" onClick='toggleBox("Output-220689785", this, "Show output", "Hide output");'>Show output</a>

<a href="#Output-220689785" onClick="toggleAllBoxes();">Show all outputs</a>
<div class='log' id="Output-220689785">
Test Start->Clicks on New Flight name, and Validate the new Flight Details<br/>
The Boarding city is Delhi<br/>
The Destination city is GOA<br/>
Select date, The date format in dd/mm/yyyy<br/>
Click On Search Button<br/>
Click on new flight<br/>
Flight details validate successfully<br/>
Test Completed with Adding new flight details and validation<br/>
</div>
</td>
<td></td>
<td>14</td>
<td>mercuryTravels.qa.testcases.SearchAllDetailsPageTest@68c72235</td></tr>
<tr>
<td title='mercuryTravels.qa.testcases.SeatBookingPageTest.validateSeatPricing()'><b>validateSeatPricing</b><br>Test class: mercuryTravels.qa.testcases.SeatBookingPageTest<br>Test method: Seat pricing validation<br/>
<a href="#Output-649913869" onClick='toggleBox("Output-649913869", this, "Show output", "Hide output");'>Show output</a>

<a href="#Output-649913869" onClick="toggleAllBoxes();">Show all outputs</a>
<div class='log' id="Output-649913869">
Test Start-> Seat pricing validation<br/>
Flight page is displayed successfully<br/>
Close home page Notification<br/>
Select date, The date format in dd/mm/yyyy<br/>
Click on Search flights<br/>
Flight Page is displayed<br/>
User click on book button<br/>
User Validate the Flight name<br/>
Select Tittle and name<br/>
The passenger selects his First seat<br/>
First Seat price is 350<br/>
First Seat no is 5B<br/>
The passenger selects his Second seat<br/>
Second Seat price is 450<br/>
Second Seat no is 5A<br/>
The passenger enter his Mobile Number<br/>
The passenger enter his EmailId<br/>
Click on proceedToBooking<br/>
User clicks on payment option<br/>
User validate the price Details<br/>
Test Complete-> Seat pricing validation successfully<br/>
</div>
</td>
<td></td>
<td>50</td>
<td>mercuryTravels.qa.testcases.SeatBookingPageTest@3a6bb9bf</td></tr>
</table><p>
</body>
</html>