<!DOCTYPE html PUBLIC "-//W3C//DTD XHTML 1.1//EN" "http://www.w3.org/TR/xhtml11/DTD/xhtml11.dtd">
<html xmlns="http://www.w3.org/1999/xhtml"><head><title>TestNG Report</title><style type="text/css">table {margin-bottom:10px;border-collapse:collapse;empty-cells:show}th,td {border:1px solid #009;padding:.25em .5em}th {vertical-align:bottom}td {vertical-align:top}table a {font-weight:bold}.stripe td {background-color: #E6EBF9}.num {text-align:right}.passedodd td {background-color: #3F3}.passedeven td {background-color: #0A0}.skippedodd td {background-color: #DDD}.skippedeven td {background-color: #CCC}.failedodd td,.attn {background-color: #F33}.failedeven td,.stripe .attn {background-color: #D00}.stacktrace {white-space:pre;font-family:monospace}.totop {font-size:85%;text-align:center;border-bottom:2px solid #000}</style></head><body><table><tr><th>Test</th><th># Passed</th><th># Skipped</th><th># Failed</th><th>Time (ms)</th><th>Included Groups</th><th>Excluded Groups</th></tr><tr><th colspan="7">Test Automation Test Suite</th></tr><tr><td><a href="#t0">Test Cases</a></td><td class="num">12</td><td class="num">0</td><td class="num attn">3</td><td class="num">391,497</td><td></td><td></td></tr></table><table id='summary'><thead><tr><th>Class</th><th>Method</th><th>Start</th><th>Time (ms)</th></tr></thead><tbody><tr><th colspan="4">Test Automation Test Suite</th></tr></tbody><tbody id="t0"><tr><th colspan="4">Test Cases &#8212; failed</th></tr><tr class="failedeven"><td rowspan="3">mercuryTravels.qa.testcases.LoginPageTest</td><td><a href="#m0">invalidPassword</a></td><td rowspan="1">1709059852825</td><td rowspan="1">32863</td></tr><tr class="failedeven"><td><a href="#m1">invalidUsername</a></td><td rowspan="1">1709059893284</td><td rowspan="1">31986</td></tr><tr class="failedeven"><td><a href="#m2">validUsernameAndValidPassword</a></td><td rowspan="1">1709059950972</td><td rowspan="1">37243</td></tr><tr><th colspan="4">Test Cases &#8212; passed</th></tr><tr class="passedeven"><td rowspan="2">mercuryTravels.qa.testcases.FlightsAllFieldValidationPageTest</td><td><a href="#m3">validateDifferentTypeOfSeat</a></td><td rowspan="1">1709060100272</td><td rowspan="1">16094</td></tr><tr class="passedeven"><td><a href="#m4">validateFlightField</a></td><td rowspan="1">1709060125559</td><td rowspan="1">1557</td></tr><tr class="passedodd"><td rowspan="3">mercuryTravels.qa.testcases.LoginPageTest</td><td><a href="#m5">loginPageTest</a></td><td rowspan="1">1709059931329</td><td rowspan="1">544</td></tr><tr class="passedodd"><td><a href="#m6">loginPageTitleTest</a></td><td rowspan="1">1709059935316</td><td rowspan="1">2117</td></tr><tr class="passedodd"><td><a href="#m7">loginWithoutAnyDetails</a></td><td rowspan="1">1709059944211</td><td rowspan="1">1274</td></tr><tr class="passedeven"><td rowspan="5">mercuryTravels.qa.testcases.SearchAllDetailsPageTest</td><td><a href="#m8">flightSearch</a></td><td rowspan="1">1709059995576</td><td rowspan="1">24183</td></tr><tr class="passedeven"><td><a href="#m9">selectDifferentTypeOfSeat</a></td><td rowspan="1">1709060026795</td><td rowspan="1">8562</td></tr><tr class="passedeven"><td><a href="#m10">validateBookingButton</a></td><td rowspan="1">1709060043362</td><td rowspan="1">14044</td></tr><tr class="passedeven"><td><a href="#m11">validateCityName</a></td><td rowspan="1">1709060062138</td><td rowspan="1">9985</td></tr><tr class="passedeven"><td><a href="#m12">validateFlightName</a></td><td rowspan="1">1709060077138</td><td rowspan="1">14218</td></tr><tr class="passedodd"><td rowspan="2">mercuryTravels.qa.testcases.SeatBookingPageTest</td><td><a href="#m13">clickOnFlights</a></td><td rowspan="1">1709060132560</td><td rowspan="1">43020</td></tr><tr class="passedodd"><td><a href="#m14">validateSeatPricing</a></td><td rowspan="1">1709060183138</td><td rowspan="1">50350</td></tr></tbody></table><h2>Test Cases</h2><h3 id="m0">mercuryTravels.qa.testcases.LoginPageTest#invalidPassword</h3><table class="result"><tr><th>Messages</th></tr><tr><td><div class="messages">Test Start->Enter ValidUsername and InvalidPassword, and verify that they are appearing correctly<br/>Enter valid username<br/>Enter Invalid password<br/>Click on loginButton</div></td></tr><tr><th>Exception</th></tr><tr><td><div class="stacktrace">org.openqa.selenium.NoSuchElementException: no such element: Unable to locate element: {&quot;method&quot;:&quot;xpath&quot;,&quot;selector&quot;:&quot;//div[text()=&apos;Incorrect email address and password combination. Please try again.&apos;]&quot;}
  (Session info: chrome=121.0.6167.189)
For documentation on this error, please visit: http://seleniumhq.org/exceptions/no_such_element.html
Build info: version: &apos;3.14.0&apos;, revision: &apos;aacccce0&apos;, time: &apos;2018-08-02T20:19:58.91Z&apos;
System info: host: &apos;LAPTOP-T0GNIEM2&apos;, ip: &apos;192.168.1.8&apos;, os.name: &apos;Windows 10&apos;, os.arch: &apos;amd64&apos;, os.version: &apos;10.0&apos;, java.version: &apos;16.0.2&apos;
Driver info: org.openqa.selenium.chrome.ChromeDriver
Capabilities {acceptInsecureCerts: false, browserName: chrome, browserVersion: 121.0.6167.189, chrome: {chromedriverVersion: 121.0.6167.184 (057a8ae7deb..., userDataDir: C:\Users\mohit\AppData\Loca...}, fedcm:accounts: true, goog:chromeOptions: {debuggerAddress: localhost:59714}, javascriptEnabled: true, networkConnectionEnabled: false, pageLoadStrategy: normal, platform: WINDOWS, platformName: WINDOWS, proxy: Proxy(), setWindowRect: true, strictFileInteractability: false, timeouts: {implicit: 0, pageLoad: 300000, script: 30000}, unhandledPromptBehavior: dismiss and notify, webauthn:extension:credBlob: true, webauthn:extension:largeBlob: true, webauthn:extension:minPinLength: true, webauthn:extension:prf: true, webauthn:virtualAuthenticators: true}
Session ID: ec5d44eaf7e0cb692bfd90f6edb137c2
*** Element info: {Using=xpath, value=//div[text()=&apos;Incorrect email address and password combination. Please try again.&apos;]}
	at org.openqa.selenium.remote.http.W3CHttpResponseCodec.createException(W3CHttpResponseCodec.java:187)
	at org.openqa.selenium.remote.http.W3CHttpResponseCodec.decode(W3CHttpResponseCodec.java:122)
	at org.openqa.selenium.remote.http.W3CHttpResponseCodec.decode(W3CHttpResponseCodec.java:49)
	at org.openqa.selenium.remote.HttpCommandExecutor.execute(HttpCommandExecutor.java:158)
	at org.openqa.selenium.remote.service.DriverCommandExecutor.execute(DriverCommandExecutor.java:83)
	at org.openqa.selenium.remote.RemoteWebDriver.execute(RemoteWebDriver.java:548)
	at org.openqa.selenium.remote.RemoteWebDriver.findElement(RemoteWebDriver.java:322)
	at org.openqa.selenium.remote.RemoteWebDriver.findElementByXPath(RemoteWebDriver.java:424)
	at org.openqa.selenium.By$ByXPath.findElement(By.java:353)
	at org.openqa.selenium.remote.RemoteWebDriver.findElement(RemoteWebDriver.java:314)
	at org.openqa.selenium.support.events.EventFiringWebDriver.lambda$new$1(EventFiringWebDriver.java:105)
	at jdk.proxy2/jdk.proxy2.$Proxy10.findElement(Unknown Source)
	at org.openqa.selenium.support.events.EventFiringWebDriver.findElement(EventFiringWebDriver.java:194)
	at org.openqa.selenium.support.pagefactory.DefaultElementLocator.findElement(DefaultElementLocator.java:69)
	at org.openqa.selenium.support.pagefactory.internal.LocatingElementHandler.invoke(LocatingElementHandler.java:38)
	at jdk.proxy2/jdk.proxy2.$Proxy14.isDisplayed(Unknown Source)
	at MercuryTravels.qa.pages.LoginPage.validatePasswordErrorMessage(LoginPage.java:87)
	at mercuryTravels.qa.testcases.LoginPageTest.invalidPassword(LoginPageTest.java:81)
... Removed 34 stack frames</div></td></tr></table><p class="totop"><a href="#summary">back to summary</a></p><h3 id="m1">mercuryTravels.qa.testcases.LoginPageTest#invalidUsername</h3><table class="result"><tr><th>Messages</th></tr><tr><td><div class="messages">Test Start->Enter InvalidUsername and validPassword, and verify that they are appearing correctly<br/>Enter Invalid username<br/>Enter valid password<br/>Click on loginButton<br/>Successfully Validate the  email error message</div></td></tr><tr><th>Exception</th></tr><tr><td><div class="stacktrace">org.openqa.selenium.NoSuchElementException: no such element: Unable to locate element: {&quot;method&quot;:&quot;xpath&quot;,&quot;selector&quot;:&quot;//li[text() = &apos;This value should be a valid email.&apos;]&quot;}
  (Session info: chrome=121.0.6167.189)
For documentation on this error, please visit: http://seleniumhq.org/exceptions/no_such_element.html
Build info: version: &apos;3.14.0&apos;, revision: &apos;aacccce0&apos;, time: &apos;2018-08-02T20:19:58.91Z&apos;
System info: host: &apos;LAPTOP-T0GNIEM2&apos;, ip: &apos;192.168.1.8&apos;, os.name: &apos;Windows 10&apos;, os.arch: &apos;amd64&apos;, os.version: &apos;10.0&apos;, java.version: &apos;16.0.2&apos;
Driver info: org.openqa.selenium.chrome.ChromeDriver
Capabilities {acceptInsecureCerts: false, browserName: chrome, browserVersion: 121.0.6167.189, chrome: {chromedriverVersion: 121.0.6167.184 (057a8ae7deb..., userDataDir: C:\Users\mohit\AppData\Loca...}, fedcm:accounts: true, goog:chromeOptions: {debuggerAddress: localhost:59791}, javascriptEnabled: true, networkConnectionEnabled: false, pageLoadStrategy: normal, platform: WINDOWS, platformName: WINDOWS, proxy: Proxy(), setWindowRect: true, strictFileInteractability: false, timeouts: {implicit: 0, pageLoad: 300000, script: 30000}, unhandledPromptBehavior: dismiss and notify, webauthn:extension:credBlob: true, webauthn:extension:largeBlob: true, webauthn:extension:minPinLength: true, webauthn:extension:prf: true, webauthn:virtualAuthenticators: true}
Session ID: 6f2740a95b26e734b7c06fa34c6639b7
*** Element info: {Using=xpath, value=//li[text() = &apos;This value should be a valid email.&apos;]}
	at org.openqa.selenium.remote.http.W3CHttpResponseCodec.createException(W3CHttpResponseCodec.java:187)
	at org.openqa.selenium.remote.http.W3CHttpResponseCodec.decode(W3CHttpResponseCodec.java:122)
	at org.openqa.selenium.remote.http.W3CHttpResponseCodec.decode(W3CHttpResponseCodec.java:49)
	at org.openqa.selenium.remote.HttpCommandExecutor.execute(HttpCommandExecutor.java:158)
	at org.openqa.selenium.remote.service.DriverCommandExecutor.execute(DriverCommandExecutor.java:83)
	at org.openqa.selenium.remote.RemoteWebDriver.execute(RemoteWebDriver.java:548)
	at org.openqa.selenium.remote.RemoteWebDriver.findElement(RemoteWebDriver.java:322)
	at org.openqa.selenium.remote.RemoteWebDriver.findElementByXPath(RemoteWebDriver.java:424)
	at org.openqa.selenium.By$ByXPath.findElement(By.java:353)
	at org.openqa.selenium.remote.RemoteWebDriver.findElement(RemoteWebDriver.java:314)
	at org.openqa.selenium.support.events.EventFiringWebDriver.lambda$new$1(EventFiringWebDriver.java:105)
	at jdk.proxy2/jdk.proxy2.$Proxy10.findElement(Unknown Source)
	at org.openqa.selenium.support.events.EventFiringWebDriver.findElement(EventFiringWebDriver.java:194)
	at org.openqa.selenium.support.pagefactory.DefaultElementLocator.findElement(DefaultElementLocator.java:69)
	at org.openqa.selenium.support.pagefactory.internal.LocatingElementHandler.invoke(LocatingElementHandler.java:38)
	at jdk.proxy2/jdk.proxy2.$Proxy14.getText(Unknown Source)
	at MercuryTravels.qa.pages.LoginPage.validateEmailErrorMessage(LoginPage.java:80)
	at mercuryTravels.qa.testcases.LoginPageTest.invalidUsername(LoginPageTest.java:69)
... Removed 34 stack frames</div></td></tr></table><p class="totop"><a href="#summary">back to summary</a></p><h3 id="m2">mercuryTravels.qa.testcases.LoginPageTest#validUsernameAndValidPassword</h3><table class="result"><tr><th>Messages</th></tr><tr><td><div class="messages">Test Start->Enter ValidUsername and ValidPassword, and verify that they are appearing correctly<br/>Enter valid username<br/>Enter valid password<br/>Using valid username and valid password, Validate Successfully<br/>Click on loginButton</div></td></tr><tr><th>Exception</th></tr><tr><td><div class="stacktrace">org.openqa.selenium.NoSuchElementException: no such element: Unable to locate element: {&quot;method&quot;:&quot;xpath&quot;,&quot;selector&quot;:&quot;(//a[text() = &apos;Welcome, Mohit &apos;])[2]&quot;}
  (Session info: chrome=121.0.6167.189)
For documentation on this error, please visit: http://seleniumhq.org/exceptions/no_such_element.html
Build info: version: &apos;3.14.0&apos;, revision: &apos;aacccce0&apos;, time: &apos;2018-08-02T20:19:58.91Z&apos;
System info: host: &apos;LAPTOP-T0GNIEM2&apos;, ip: &apos;192.168.1.8&apos;, os.name: &apos;Windows 10&apos;, os.arch: &apos;amd64&apos;, os.version: &apos;10.0&apos;, java.version: &apos;16.0.2&apos;
Driver info: org.openqa.selenium.chrome.ChromeDriver
Capabilities {acceptInsecureCerts: false, browserName: chrome, browserVersion: 121.0.6167.189, chrome: {chromedriverVersion: 121.0.6167.184 (057a8ae7deb..., userDataDir: C:\Users\mohit\AppData\Loca...}, fedcm:accounts: true, goog:chromeOptions: {debuggerAddress: localhost:59961}, javascriptEnabled: true, networkConnectionEnabled: false, pageLoadStrategy: normal, platform: WINDOWS, platformName: WINDOWS, proxy: Proxy(), setWindowRect: true, strictFileInteractability: false, timeouts: {implicit: 0, pageLoad: 300000, script: 30000}, unhandledPromptBehavior: dismiss and notify, webauthn:extension:credBlob: true, webauthn:extension:largeBlob: true, webauthn:extension:minPinLength: true, webauthn:extension:prf: true, webauthn:virtualAuthenticators: true}
Session ID: 508fd01f70c16cb3961174950fe23e03
*** Element info: {Using=xpath, value=(//a[text() = &apos;Welcome, Mohit &apos;])[2]}
	at org.openqa.selenium.remote.http.W3CHttpResponseCodec.createException(W3CHttpResponseCodec.java:187)
	at org.openqa.selenium.remote.http.W3CHttpResponseCodec.decode(W3CHttpResponseCodec.java:122)
	at org.openqa.selenium.remote.http.W3CHttpResponseCodec.decode(W3CHttpResponseCodec.java:49)
	at org.openqa.selenium.remote.HttpCommandExecutor.execute(HttpCommandExecutor.java:158)
	at org.openqa.selenium.remote.service.DriverCommandExecutor.execute(DriverCommandExecutor.java:83)
	at org.openqa.selenium.remote.RemoteWebDriver.execute(RemoteWebDriver.java:548)
	at org.openqa.selenium.remote.RemoteWebDriver.findElement(RemoteWebDriver.java:322)
	at org.openqa.selenium.remote.RemoteWebDriver.findElementByXPath(RemoteWebDriver.java:424)
	at org.openqa.selenium.By$ByXPath.findElement(By.java:353)
	at org.openqa.selenium.remote.RemoteWebDriver.findElement(RemoteWebDriver.java:314)
	at org.openqa.selenium.support.events.EventFiringWebDriver.lambda$new$1(EventFiringWebDriver.java:105)
	at jdk.proxy2/jdk.proxy2.$Proxy10.findElement(Unknown Source)
	at org.openqa.selenium.support.events.EventFiringWebDriver.findElement(EventFiringWebDriver.java:194)
	at org.openqa.selenium.support.pagefactory.DefaultElementLocator.findElement(DefaultElementLocator.java:69)
	at org.openqa.selenium.support.pagefactory.internal.LocatingElementHandler.invoke(LocatingElementHandler.java:38)
	at jdk.proxy2/jdk.proxy2.$Proxy14.getText(Unknown Source)
	at MercuryTravels.qa.pages.LoginPage.validateLoginDetails(LoginPage.java:70)
	at mercuryTravels.qa.testcases.LoginPageTest.validUsernameAndValidPassword(LoginPageTest.java:56)
... Removed 33 stack frames</div></td></tr></table><p class="totop"><a href="#summary">back to summary</a></p><h3 id="m3">mercuryTravels.qa.testcases.FlightsAllFieldValidationPageTest#validateDifferentTypeOfSeat</h3><table class="result"><tr><th>Messages</th></tr><tr><td><div class="messages">Test Start->Validate seat price details<br/>The Boarding city is Delhi<br/>The Destination city is GOA<br/>Select date, The date format in dd/mm/yyyy<br/>The date format is dd/mm/yyyy successfully validate<br/>Click On Search Button<br/>Validate actual price details<br/>Test complete->Validate the price details successfully</div></td></tr></table><p class="totop"><a href="#summary">back to summary</a></p><h3 id="m4">mercuryTravels.qa.testcases.FlightsAllFieldValidationPageTest#validateFlightField</h3><table class="result"><tr><th>Messages</th></tr><tr><td><div class="messages">Test Start->Select Boarding place and Destination place<br/>Select Boarding place<br/>The Boarding place has been selected<br/>Boarding place is validate successfully<br/>Select destination place<br/>The Destination place has been selected<br/>Destination place is validate successfully<br/>Test complete-> Successfully validate the Boarding place details and Destination place details</div></td></tr></table><p class="totop"><a href="#summary">back to summary</a></p><h3 id="m5">mercuryTravels.qa.testcases.LoginPageTest#loginPageTest</h3><table class="result"><tr><th>Messages</th></tr><tr><td><div class="messages">Test Start->Launch Home page<br/>The Home page was Launch Successfully</div></td></tr></table><p class="totop"><a href="#summary">back to summary</a></p><h3 id="m6">mercuryTravels.qa.testcases.LoginPageTest#loginPageTitleTest</h3><table class="result"><tr><th>Messages</th></tr><tr><td><div class="messages">Test Start-> Validate Login page tittle<br/>Browser lunch successfully<br/>Validate the tittle of the login page<br/>Test Complete-> The login page tittle has been successfully validate</div></td></tr></table><p class="totop"><a href="#summary">back to summary</a></p><h3 id="m7">mercuryTravels.qa.testcases.LoginPageTest#loginWithoutAnyDetails</h3><table class="result"><tr><th>Messages</th></tr><tr><td><div class="messages">Test Start->Check whether the page is possible to login without providing the user with any details<br/>Do not Enter any Username<br/>Do not Enter any Password<br/>Click on loginButton<br/>Error messsage displyed as This value is required<br/>Test Completed with EmptyUsername and EmptyPassword</div></td></tr></table><p class="totop"><a href="#summary">back to summary</a></p><h3 id="m8">mercuryTravels.qa.testcases.SearchAllDetailsPageTest#flightSearch</h3><table class="result"><tr><th>Messages</th></tr><tr><td><div class="messages">Test Start->Enter all details, and verify that they are appearing correctly and Validate Return and departure date format<br/>The Boarding city is Delhi<br/>The Destination city is GOA<br/>Select date, The date format in dd/mm/yyyy<br/>Departure date format is Valid<br/>Return date format is Valid<br/>Click On Search Button<br/>Click on flight details<br/>Flight details validation Successfully<br/>Flight code validation Successfully<br/>Start and End time validation Successfully<br/>Test Completed successfully validate  city name, date, flight name, start time and end time </div></td></tr></table><p class="totop"><a href="#summary">back to summary</a></p><h3 id="m9">mercuryTravels.qa.testcases.SearchAllDetailsPageTest#selectDifferentTypeOfSeat</h3><table class="result"><tr><th>Messages</th></tr><tr><td><div class="messages">Test Start->Select one more seat<br/>The Boarding city is Delhi<br/>The Destination city is GOA<br/>Select date, The date format in dd/mm/yyyy<br/>Select child seat<br/>Click On Search Button<br/>Successfully verified seat details<br/>Test complete Successfully to Select one or more seats and validate</div></td></tr></table><p class="totop"><a href="#summary">back to summary</a></p><h3 id="m10">mercuryTravels.qa.testcases.SearchAllDetailsPageTest#validateBookingButton</h3><table class="result"><tr><th>Messages</th></tr><tr><td><div class="messages">Test Start->Check Booking Now Option is Enabled or Disabled<br/>The Boarding city is Delhi<br/>The Destination city is GOA<br/>Select date, The date format in dd/mm/yyyy<br/>Click On Search Button<br/>Confirm that the booking button is successfully enabled<br/>Test Complete Successfully to check  if the Booking button is  enabled or disabled</div></td></tr></table><p class="totop"><a href="#summary">back to summary</a></p><h3 id="m11">mercuryTravels.qa.testcases.SearchAllDetailsPageTest#validateCityName</h3><table class="result"><tr><th>Messages</th></tr><tr><td><div class="messages">Test Start->Enter the city, and verify that they are appearing correctly<br/>The Boarding city is Delhi<br/>The Destination city is GOA<br/>Select date, The date format in dd/mm/yyyy<br/>Click On Search Button<br/>Successfully verified Flight availability<br/>Test Complete successfully Selecting city by city code</div></td></tr></table><p class="totop"><a href="#summary">back to summary</a></p><h3 id="m12">mercuryTravels.qa.testcases.SearchAllDetailsPageTest#validateFlightName</h3><table class="result"><tr><th>Messages</th></tr><tr><td><div class="messages">Test Start->Clicks on New Flight name, and Validate the new Flight Details<br/>The Boarding city is Delhi<br/>The Destination city is GOA<br/>Select date, The date format in dd/mm/yyyy<br/>Click On Search Button<br/>Click on new flight<br/>Flight details validate successfully<br/>Test Completed with Adding new flight details and validation</div></td></tr></table><p class="totop"><a href="#summary">back to summary</a></p><h3 id="m13">mercuryTravels.qa.testcases.SeatBookingPageTest#clickOnFlights</h3><table class="result"><tr><th>Messages</th></tr><tr><td><div class="messages">Test Start-> Booking a flight<br/>Flight page is displayed successfully<br/>Close home page Notification<br/>Select date, The date format in dd/mm/yyyy<br/>Click on Search flights<br/>Flight Page is displayed<br/>The Boarding city is Delhi<br/>The Destination city is GOA<br/>User click on book button<br/>User Validate the Flight name<br/>User validate the flight timing<br/>Select Tittle and name<br/>The passenger selects his seat number<br/>First Seat no is 5B<br/>The passenger enter his Mobile Number<br/>The passenger enter his EmailId<br/>Click on proceedToBooking<br/>User clicks on payment option<br/>User validate the price Details<br/>Test Complete-> The flight booking has been completed</div></td></tr></table><p class="totop"><a href="#summary">back to summary</a></p><h3 id="m14">mercuryTravels.qa.testcases.SeatBookingPageTest#validateSeatPricing</h3><table class="result"><tr><th>Messages</th></tr><tr><td><div class="messages">Test Start-> Seat pricing validation<br/>Flight page is displayed successfully<br/>Close home page Notification<br/>Select date, The date format in dd/mm/yyyy<br/>Click on Search flights<br/>Flight Page is displayed<br/>User click on book button<br/>User Validate the Flight name<br/>Select Tittle and name<br/>The passenger selects his First seat<br/>First Seat price is 350<br/>First Seat no is 5B<br/>The passenger selects his Second seat<br/>Second Seat price is 450<br/>Second Seat no is 5A<br/>The passenger enter his Mobile Number<br/>The passenger enter his EmailId<br/>Click on proceedToBooking<br/>User clicks on payment option<br/>User validate the price Details<br/>Test Complete-> Seat pricing validation successfully</div></td></tr></table><p class="totop"><a href="#summary">back to summary</a></p></body></html>